<?xml version="1.0" encoding="UTF-8"?>
<!-- Generated by org.testng.reporters.JUnitXMLReporter -->
<testsuite ignored="2" hostname="BO" failures="0" tests="1" name="TestNgFrameworkExelenterB1" time="9.069" errors="0" timestamp="2023-03-01T19:31:33 EST">
  <testcase classname="com.exelenter.testcases.LoginTest" name="validAdminLogin" time="1.574"/>
  <testcase classname="com.exelenter.testcases.LoginTest" name="validUserEmptyPassword" time="0.0">
    <ignored/>
  </testcase> <!-- validUserEmptyPassword -->
  <testcase classname="com.exelenter.testcases.LoginTest" name="validUserInvalidPassword" time="0.0">
    <ignored/>
  </testcase> <!-- validUserInvalidPassword -->
</testsuite> <!-- TestNgFrameworkExelenterB1 -->
