<?xml version="1.0" encoding="UTF-8"?>
<testng-results ignored="2" total="6" passed="3" failed="1" skipped="0">
  <reporter-output>
  </reporter-output>
  <suite started-at="2023-03-02T13:37:34 EST" name="All Test Suite" finished-at="2023-03-02T13:37:55 EST" duration-ms="21477">
    <groups>
      <group name="smoke">
        <method signature="AddEmployeeTest.addEmployeeTest()[pri:0, instance:com.exelenter.testcases.AddEmployeeTest@587e5365]" name="addEmployeeTest" class="com.exelenter.testcases.AddEmployeeTest"/>
        <method signature="LoginTest.validAdminLogin()[pri:0, instance:com.exelenter.testcases.LoginTest@22fcf7ab]" name="validAdminLogin" class="com.exelenter.testcases.LoginTest"/>
        <method signature="LoginTest.validUserEmptyPassword()[pri:0, instance:com.exelenter.testcases.LoginTest@22fcf7ab]" name="validUserEmptyPassword" class="com.exelenter.testcases.LoginTest"/>
        <method signature="LoginTest.validUserInvalidPassword()[pri:0, instance:com.exelenter.testcases.LoginTest@22fcf7ab]" name="validUserInvalidPassword" class="com.exelenter.testcases.LoginTest"/>
      </group> <!-- smoke -->
    </groups>
    <test started-at="2023-03-02T13:37:34 EST" name="Smoke Test" finished-at="2023-03-02T13:37:55 EST" duration-ms="21477">
      <class name="com.exelenter.testcases.AddEmployeeTest">
        <test-method is-config="true" signature="setUp()[pri:0, instance:com.exelenter.testcases.AddEmployeeTest@587e5365]" started-at="2023-03-02T13:37:34 EST" name="setUp" finished-at="2023-03-02T13:37:36 EST" duration-ms="2260" status="PASS">
          <reporter-output>
          </reporter-output>
        </test-method> <!-- setUp -->
        <test-method signature="addEmployeeTest()[pri:0, instance:com.exelenter.testcases.AddEmployeeTest@587e5365]" started-at="2023-03-02T13:37:36 EST" name="addEmployeeTest" finished-at="2023-03-02T13:37:39 EST" duration-ms="3490" status="PASS">
          <reporter-output>
          </reporter-output>
        </test-method> <!-- addEmployeeTest -->
        <test-method is-config="true" signature="tearDown()[pri:0, instance:com.exelenter.testcases.AddEmployeeTest@587e5365]" started-at="2023-03-02T13:37:39 EST" name="tearDown" finished-at="2023-03-02T13:37:42 EST" duration-ms="2073" status="PASS">
          <reporter-output>
          </reporter-output>
        </test-method> <!-- tearDown -->
      </class> <!-- com.exelenter.testcases.AddEmployeeTest -->
      <class name="com.exelenter.testcases.LoginTest">
        <test-method is-config="true" signature="setUp()[pri:0, instance:com.exelenter.testcases.LoginTest@22fcf7ab]" started-at="2023-03-02T13:37:42 EST" name="setUp" finished-at="2023-03-02T13:37:43 EST" duration-ms="1640" status="PASS">
          <reporter-output>
          </reporter-output>
        </test-method> <!-- setUp -->
        <test-method signature="validAdminLogin()[pri:0, instance:com.exelenter.testcases.LoginTest@22fcf7ab]" started-at="2023-03-02T13:37:43 EST" name="validAdminLogin" finished-at="2023-03-02T13:37:45 EST" duration-ms="2276" status="PASS">
          <reporter-output>
          </reporter-output>
        </test-method> <!-- validAdminLogin -->
        <test-method is-config="true" signature="tearDown()[pri:0, instance:com.exelenter.testcases.LoginTest@22fcf7ab]" started-at="2023-03-02T13:37:45 EST" name="tearDown" finished-at="2023-03-02T13:37:48 EST" duration-ms="2070" status="PASS">
          <reporter-output>
          </reporter-output>
        </test-method> <!-- tearDown -->
        <test-method is-config="true" signature="setUp()[pri:0, instance:com.exelenter.testcases.LoginTest@22fcf7ab]" started-at="2023-03-02T13:37:48 EST" name="setUp" finished-at="2023-03-02T13:37:49 EST" duration-ms="1231" status="PASS">
          <reporter-output>
          </reporter-output>
        </test-method> <!-- setUp -->
        <test-method signature="validUserEmptyPassword()[pri:0, instance:com.exelenter.testcases.LoginTest@22fcf7ab]" started-at="2023-03-02T13:37:49 EST" name="validUserEmptyPassword" finished-at="2023-03-02T13:37:49 EST" duration-ms="105" status="PASS">
          <reporter-output>
          </reporter-output>
        </test-method> <!-- validUserEmptyPassword -->
        <test-method is-config="true" signature="tearDown()[pri:0, instance:com.exelenter.testcases.LoginTest@22fcf7ab]" started-at="2023-03-02T13:37:49 EST" name="tearDown" finished-at="2023-03-02T13:37:51 EST" duration-ms="2071" status="PASS">
          <reporter-output>
          </reporter-output>
        </test-method> <!-- tearDown -->
        <test-method is-config="true" signature="setUp()[pri:0, instance:com.exelenter.testcases.LoginTest@22fcf7ab]" started-at="2023-03-02T13:37:51 EST" name="setUp" finished-at="2023-03-02T13:37:52 EST" duration-ms="1233" status="PASS">
          <reporter-output>
          </reporter-output>
        </test-method> <!-- setUp -->
        <test-method signature="validUserInvalidPassword()[pri:0, instance:com.exelenter.testcases.LoginTest@22fcf7ab]" started-at="2023-03-02T13:37:52 EST" name="validUserInvalidPassword" finished-at="2023-03-02T13:37:53 EST" duration-ms="712" status="FAIL">
          <exception class="java.lang.AssertionError">
            <message>
              <![CDATA[null]]>
            </message>
            <full-stacktrace>
              <![CDATA[java.lang.AssertionError: null
at org.testng.Assert.fail(Assert.java:110)
at org.testng.Assert.fail(Assert.java:115)
at com.exelenter.testcases.LoginTest.validUserInvalidPassword(LoginTest.java:28)
at java.base/jdk.internal.reflect.DirectMethodHandleAccessor.invoke(DirectMethodHandleAccessor.java:104)
at java.base/java.lang.reflect.Method.invoke(Method.java:578)
at org.testng.internal.invokers.MethodInvocationHelper.invokeMethod(MethodInvocationHelper.java:139)
at org.testng.internal.invokers.TestInvoker.invokeMethod(TestInvoker.java:677)
at org.testng.internal.invokers.TestInvoker.invokeTestMethod(TestInvoker.java:221)
at org.testng.internal.invokers.MethodRunner.runInSequence(MethodRunner.java:50)
at org.testng.internal.invokers.TestInvoker$MethodInvocationAgent.invoke(TestInvoker.java:969)
at org.testng.internal.invokers.TestInvoker.invokeTestMethods(TestInvoker.java:194)
at org.testng.internal.invokers.TestMethodWorker.invokeTestMethods(TestMethodWorker.java:148)
at org.testng.internal.invokers.TestMethodWorker.run(TestMethodWorker.java:128)
at java.base/java.util.ArrayList.forEach(ArrayList.java:1511)
at org.testng.TestRunner.privateRun(TestRunner.java:829)
at org.testng.TestRunner.run(TestRunner.java:602)
at org.testng.SuiteRunner.runTest(SuiteRunner.java:437)
at org.testng.SuiteRunner.runSequentially(SuiteRunner.java:431)
at org.testng.SuiteRunner.privateRun(SuiteRunner.java:391)
at org.testng.SuiteRunner.run(SuiteRunner.java:330)
at org.testng.SuiteRunnerWorker.runSuite(SuiteRunnerWorker.java:52)
at org.testng.SuiteRunnerWorker.run(SuiteRunnerWorker.java:95)
at org.testng.TestNG.runSuitesSequentially(TestNG.java:1256)
at org.testng.TestNG.runSuitesLocally(TestNG.java:1176)
at org.testng.TestNG.runSuites(TestNG.java:1099)
at org.testng.TestNG.run(TestNG.java:1067)
at com.intellij.rt.testng.IDEARemoteTestNG.run(IDEARemoteTestNG.java:66)
at com.intellij.rt.testng.RemoteTestNGStarter.main(RemoteTestNGStarter.java:109)
]]>
            </full-stacktrace>
          </exception> <!-- java.lang.AssertionError -->
          <reporter-output>
          </reporter-output>
        </test-method> <!-- validUserInvalidPassword -->
        <test-method is-config="true" signature="tearDown()[pri:0, instance:com.exelenter.testcases.LoginTest@22fcf7ab]" started-at="2023-03-02T13:37:53 EST" name="tearDown" finished-at="2023-03-02T13:37:55 EST" duration-ms="2102" status="PASS">
          <reporter-output>
          </reporter-output>
        </test-method> <!-- tearDown -->
      </class> <!-- com.exelenter.testcases.LoginTest -->
    </test> <!-- Smoke Test -->
  </suite> <!-- All Test Suite -->
</testng-results>
